/*C3*/SET SCHEMA PUBLIC
INSERT INTO FILEMETADATA VALUES(8,'2011-12-12',0,'afile')
INSERT INTO TEST_FILEMETADATA VALUES(8)
INSERT INTO LOCATION VALUES(15,5.0E0)
INSERT INTO TAG VALUES(137,'Tag1')
INSERT INTO TAG VALUES(138,'Tag2')
INSERT INTO BOOKMARK VALUES(8,8,15)
COMMIT
INSERT INTO FILEMETADATA VALUES(9,'2011-12-12',0,'afile')
INSERT INTO TEST_FILEMETADATA VALUES(9)
INSERT INTO LOCATION VALUES(16,5.0E0)
INSERT INTO TAG VALUES(139,'Tag1')
INSERT INTO TAG VALUES(140,'Tag2')
INSERT INTO BOOKMARK VALUES(9,9,16)
COMMIT
INSERT INTO FILEMETADATA VALUES(10,'2011-12-12',0,'afile')
INSERT INTO TEST_FILEMETADATA VALUES(10)
INSERT INTO LOCATION VALUES(17,5.0E0)
INSERT INTO TAG VALUES(141,'Tag1')
INSERT INTO TAG VALUES(142,'Tag2')
INSERT INTO BOOKMARK VALUES(10,10,17)
COMMIT
INSERT INTO FILEMETADATA VALUES(11,'2011-12-12',0,'afile')
INSERT INTO TEST_FILEMETADATA VALUES(11)
INSERT INTO LOCATION VALUES(18,5.0E0)
INSERT INTO TAG VALUES(143,'Tag1')
INSERT INTO TAG VALUES(144,'Tag2')
INSERT INTO BOOKMARK VALUES(11,11,18)
COMMIT
INSERT INTO FILEMETADATA VALUES(12,'2011-12-12',0,'afile')
INSERT INTO TEST_FILEMETADATA VALUES(12)
INSERT INTO LOCATION VALUES(19,5.0E0)
INSERT INTO TAG VALUES(145,'Tag1')
INSERT INTO TAG VALUES(146,'Tag2')
INSERT INTO BOOKMARK VALUES(12,12,19)
COMMIT
INSERT INTO FILEMETADATA VALUES(13,'2011-12-12',0,'afile')
INSERT INTO TEST_FILEMETADATA VALUES(13)
INSERT INTO LOCATION VALUES(20,5.0E0)
INSERT INTO TAG VALUES(147,'Tag1')
INSERT INTO TAG VALUES(148,'Tag2')
INSERT INTO BOOKMARK VALUES(13,13,20)
COMMIT
INSERT INTO FILEMETADATA VALUES(14,'2011-12-12',0,'afile')
INSERT INTO TEST_FILEMETADATA VALUES(14)
INSERT INTO LOCATION VALUES(21,5.0E0)
INSERT INTO TAG VALUES(149,'Tag1')
INSERT INTO TAG VALUES(150,'Tag2')
INSERT INTO BOOKMARK VALUES(14,14,21)
COMMIT
